<?xml version="1.0" encoding="UTF-8"?>
<testsuite xmlns:xsi="http://www.w3.org/2001/XMLSchema-instance" xsi:noNamespaceSchemaLocation="https://maven.apache.org/surefire/maven-surefire-plugin/xsd/surefire-test-report.xsd" version="3.0.2" name="com.fixsy.productos.controller.ProductControllerImagesTest" time="9.305" tests="9" errors="0" skipped="0" failures="0">
  <properties>
[...]
</properties>
  <testcase name="uploadMainImage_shouldReturn404WhenProductNotFound" classname="com.fixsy.productos.controller.ProductControllerImagesTest" time="0.375">
    <system-out><![CDATA[13:21:46.403 [main] INFO org.springframework.test.context.support.AnnotationConfigContextLoaderUtils -- Could not detect default configuration classes for test class [com.fixsy.productos.controller.ProductControllerImagesTest]: ProductControllerImagesTest does not declare any static, non-private, non-final, nested classes annotated with @Configuration.
13:21:47.145 [main] INFO org.springframework.boot.test.context.SpringBootTestContextBootstrapper -- Found @SpringBootConfiguration com.fixsy.productos.ProductosApplication for test class com.fixsy.productos.controller.ProductControllerImagesTest

  .   ____          _            __ _ _
 /\\ / ___'_ __ _ _(_)_ __  __ _ \ \ \ \
( ( )\___ | '_ | '_| | '_ \/ _` | \ \ \ \
 \\/  ___)| |_)| | | | | || (_| |  ) ) ) )
  '  |____| .__|_| |_|_| |_\__, | / / / /
 =========|_|==============|___/=/_/_/_/

 :: Spring Boot ::                (v3.5.8)

2025-12-01T13:21:48.415-03:00  INFO 23728 --- [productos] [           main] c.f.p.c.ProductControllerImagesTest      : Starting ProductControllerImagesTest using Java 21.0.7 with PID 23728 (started by sahnb in C:\Users\sahnb\OneDrive\Escritorio\FixsyParts Documentos y  Microservicio\fixsy_microservicios_web-main\productos)
2025-12-01T13:21:48.424-03:00 DEBUG 23728 --- [productos] [           main] c.f.p.c.ProductControllerImagesTest      : Running with Spring Boot v3.5.8, Spring v6.2.14
2025-12-01T13:21:48.433-03:00  INFO 23728 --- [productos] [           main] c.f.p.c.ProductControllerImagesTest      : No active profile set, falling back to 1 default profile: "default"
Serving images from: file:C:\Users\sahnb\OneDrive\Escritorio\FixsyParts Documentos y  Microservicio\fixsy_microservicios_web-main\productos\src\main\java\com\fixsy\productos\images\
2025-12-01T13:21:54.078-03:00  WARN 23728 --- [productos] [           main] .s.s.UserDetailsServiceAutoConfiguration : 

Using generated security password: c1ee039a-b9f0-42de-a393-be7fd3650a7e

This generated password is for development use only. Your security configuration must be updated before running your application in production.

2025-12-01T13:21:54.092-03:00  INFO 23728 --- [productos] [           main] r$InitializeUserDetailsManagerConfigurer : Global AuthenticationManager configured with UserDetailsService bean with name inMemoryUserDetailsManager
2025-12-01T13:21:54.305-03:00  INFO 23728 --- [productos] [           main] o.s.b.t.m.w.SpringBootMockServletContext : Initializing Spring TestDispatcherServlet ''
2025-12-01T13:21:54.305-03:00  INFO 23728 --- [productos] [           main] o.s.t.web.servlet.TestDispatcherServlet  : Initializing Servlet ''
2025-12-01T13:21:54.306-03:00  INFO 23728 --- [productos] [           main] o.s.t.web.servlet.TestDispatcherServlet  : Completed initialization in 1 ms
2025-12-01T13:21:54.337-03:00  INFO 23728 --- [productos] [           main] c.f.p.c.ProductControllerImagesTest      : Started ProductControllerImagesTest in 7.02 seconds (process running for 10.257)
]]></system-out>
    <system-err><![CDATA[Mockito is currently self-attaching to enable the inline-mock-maker. This will no longer work in future releases of the JDK. Please add Mockito as an agent to your build as described in Mockito's documentation: https://javadoc.io/doc/org.mockito/mockito-core/latest/org.mockito/org/mockito/Mockito.html#0.3
WARNING: A Java agent has been loaded dynamically (C:\Users\sahnb\.m2\repository\net\bytebuddy\byte-buddy-agent\1.17.8\byte-buddy-agent-1.17.8.jar)
WARNING: If a serviceability tool is in use, please run with -XX:+EnableDynamicAgentLoading to hide this warning
WARNING: If a serviceability tool is not in use, please run with -Djdk.instrument.traceUsage for more information
WARNING: Dynamic loading of agents will be disallowed by default in a future release
]]></system-err>
  </testcase>
  <testcase name="getMainImage_shouldReturn404WhenProductNotFound" classname="com.fixsy.productos.controller.ProductControllerImagesTest" time="0.037"/>
  <testcase name="getMainImage_shouldReturn404WhenNoImage" classname="com.fixsy.productos.controller.ProductControllerImagesTest" time="0.016"/>
  <testcase name="uploadMainImage_shouldUpdateImagen" classname="com.fixsy.productos.controller.ProductControllerImagesTest" time="0.132"/>
  <testcase name="uploadGalleryImages_shouldReturn404WhenProductNotFound" classname="com.fixsy.productos.controller.ProductControllerImagesTest" time="0.023"/>
  <testcase name="uploadGalleryImages_shouldReturn400WhenStorageRejects" classname="com.fixsy.productos.controller.ProductControllerImagesTest" time="0.044"/>
  <testcase name="uploadGalleryImages_shouldAppendImages" classname="com.fixsy.productos.controller.ProductControllerImagesTest" time="0.029"/>
  <testcase name="uploadMainImage_shouldReturn400WhenInvalidFile" classname="com.fixsy.productos.controller.ProductControllerImagesTest" time="0.041"/>
  <testcase name="getMainImage_shouldReturnBytes" classname="com.fixsy.productos.controller.ProductControllerImagesTest" time="0.057"/>
</testsuite>